[debug] [2022-09-02T14:16:21.888Z] ----------------------------------------------------------------------
[debug] [2022-09-02T14:16:21.932Z] Command:       C:\Program Files\nodejs\node.exe C:\Program Files\nodejs\node_modules\firebase-tools\lib\bin\firebase.js emulators:start
[debug] [2022-09-02T14:16:21.934Z] CLI Version:   11.7.0
[debug] [2022-09-02T14:16:21.934Z] Platform:      win32
[debug] [2022-09-02T14:16:21.934Z] Node Version:  v16.15.1
[debug] [2022-09-02T14:16:22.300Z] Time:          Fri Sep 02 2022 19:46:21 GMT+0530 (India Standard Time)
[debug] [2022-09-02T14:16:22.301Z] ----------------------------------------------------------------------
[debug] 
[debug] [2022-09-02T14:16:22.683Z] > command requires scopes: ["email","openid","https://www.googleapis.com/auth/cloudplatformprojects.readonly","https://www.googleapis.com/auth/firebase","https://www.googleapis.com/auth/cloud-platform"]
[debug] [2022-09-02T14:16:22.684Z] > authorizing via signed-in user (farzamsayed2000@gmail.com)
[info] i  emulators: Starting emulators: functions, hosting {"metadata":{"emulator":{"name":"hub"},"message":"Starting emulators: functions, hosting"}}
[debug] [2022-09-02T14:16:22.864Z] [hub] writing locator at C:\Users\farza\AppData\Local\Temp\hub-clone-593e7.json
[warn] !  functions: The following emulators are not running, calls to these services from the Functions emulator will affect production: auth, firestore, database, pubsub, storage, eventarc {"metadata":{"emulator":{"name":"functions"},"message":"The following emulators are not running, calls to these services from the Functions emulator will affect production: \u001b[1mauth, firestore, database, pubsub, storage, eventarc\u001b[22m"}}
[info] +  functions: Using node@16 from host. {"metadata":{"emulator":{"name":"functions"},"message":"Using node@16 from host."}}
[debug] [2022-09-02T14:16:23.177Z] defaultcredentials: writing to file C:\Users\farza\AppData\Roaming\firebase\farzamsayed2000_gmail_com_application_default_credentials.json
[debug] [2022-09-02T14:16:23.181Z] Setting GAC to C:\Users\farza\AppData\Roaming\firebase\farzamsayed2000_gmail_com_application_default_credentials.json {"metadata":{"emulator":{"name":"functions"},"message":"Setting GAC to C:\\Users\\farza\\AppData\\Roaming\\firebase\\farzamsayed2000_gmail_com_application_default_credentials.json"}}
[debug] [2022-09-02T14:16:23.185Z] > refreshing access token with scopes: []
[debug] [2022-09-02T14:16:23.189Z] >>> [apiv2][query] POST https://www.googleapis.com/oauth2/v3/token [none]
[debug] [2022-09-02T14:16:23.190Z] >>> [apiv2][body] POST https://www.googleapis.com/oauth2/v3/token [omitted]
[debug] [2022-09-02T14:16:23.195Z] Failed to get Admin SDK config for clone-593e7, falling back to cacheFailed to get Admin SDK for Firebase project clone-593e7. Please make sure the project exists and your account has permission to access it. {"name":"FirebaseError","children":[],"exit":2,"message":"Failed to get Admin SDK for Firebase project clone-593e7. Please make sure the project exists and your account has permission to access it.","original":{"name":"FirebaseError","children":[],"exit":1,"message":"Authentication Error: Your credentials are no longer valid. Please run \u001b[1mfirebase login --reauth\u001b[22m\n\nFor CI servers and headless environments, generate a new token with \u001b[1mfirebase login:ci\u001b[22m","status":500},"status":500}
[debug] [2022-09-02T14:16:23.246Z] > refreshing access token with scopes: []
[debug] [2022-09-02T14:16:23.246Z] >>> [apiv2][query] POST https://www.googleapis.com/oauth2/v3/token [none]
[debug] [2022-09-02T14:16:23.247Z] >>> [apiv2][body] POST https://www.googleapis.com/oauth2/v3/token [omitted]
[debug] [2022-09-02T14:16:23.249Z] Failed to list hosting sites
[debug] Authentication Error: Your credentials are no longer valid. Please run firebase login --reauth

For CI servers and headless environments, generate a new token with firebase login:ci
[debug] [2022-09-02T14:16:23.250Z] > refreshing access token with scopes: []
[debug] [2022-09-02T14:16:23.250Z] >>> [apiv2][query] POST https://www.googleapis.com/oauth2/v3/token [none]
[debug] [2022-09-02T14:16:23.251Z] >>> [apiv2][body] POST https://www.googleapis.com/oauth2/v3/token [omitted]
[debug] [2022-09-02T14:16:23.253Z] fetchWebSetup error: FirebaseError: Authentication Error: Your credentials are no longer valid. Please run firebase login --reauth

For CI servers and headless environments, generate a new token with firebase login:ci
[warn] !  hosting: Using web app configuration from cache. 
[info] i  hosting: Serving hosting files from: build {"metadata":{"emulator":{"name":"hosting"},"message":"Serving hosting files from: \u001b[1mbuild\u001b[22m"}}
[info] +  hosting: Local server: http://localhost:5000 {"metadata":{"emulator":{"name":"hosting"},"message":"Local server: \u001b[4m\u001b[1mhttp://localhost:5000\u001b[22m\u001b[24m"}}
[debug] [2022-09-02T14:16:23.665Z] Ignoring unsupported arg: auto_download {"metadata":{"emulator":{"name":"ui"},"message":"Ignoring unsupported arg: auto_download"}}
[debug] [2022-09-02T14:16:23.666Z] Ignoring unsupported arg: port {"metadata":{"emulator":{"name":"ui"},"message":"Ignoring unsupported arg: port"}}
[debug] [2022-09-02T14:16:23.666Z] Starting Emulator UI with command {"binary":"node","args":["C:\\Users\\farza\\.cache\\firebase\\emulators\\ui-v1.9.0\\server\\server.js"],"optionalArgs":[],"joinArgs":false} {"metadata":{"emulator":{"name":"ui"},"message":"Starting Emulator UI with command {\"binary\":\"node\",\"args\":[\"C:\\\\Users\\\\farza\\\\.cache\\\\firebase\\\\emulators\\\\ui-v1.9.0\\\\server\\\\server.js\"],\"optionalArgs\":[],\"joinArgs\":false}"}}
[info] i  ui: Emulator UI logging to ui-debug.log {"metadata":{"emulator":{"name":"ui"},"message":"Emulator UI logging to \u001b[1mui-debug.log\u001b[22m"}}
[debug] [2022-09-02T14:16:24.601Z] Web / API server started at localhost:4000
 {"metadata":{"emulator":{"name":"ui"},"message":"Web / API server started at localhost:4000\n"}}
[info] i  functions: Watching "C:\Users\farza\Desktop\amazon-clone\amazon-clone\functions" for Cloud Functions... {"metadata":{"emulator":{"name":"functions"},"message":"Watching \"C:\\Users\\farza\\Desktop\\amazon-clone\\amazon-clone\\functions\" for Cloud Functions..."}}
[debug] [2022-09-02T14:16:24.772Z] Validating nodejs source
[warn] !  functions: package.json indicates an outdated version of firebase-functions. Please upgrade using npm install --save firebase-functions@latest in your functions directory. 
[debug] [2022-09-02T14:19:12.972Z] > [functions] package.json contents: {
  "name": "functions",
  "description": "Cloud Functions for Firebase",
  "scripts": {
    "lint": "eslint .",
    "serve": "firebase emulators:start --only functions",
    "shell": "firebase functions:shell",
    "start": "npm run shell",
    "deploy": "firebase deploy --only functions",
    "logs": "firebase functions:log"
  },
  "engines": {
    "node": "16"
  },
  "main": "index.js",
  "dependencies": {
    "cors": "^2.8.5",
    "express": "^4.18.1",
    "firebase-admin": "^10.0.2",
    "firebase-functions": "^3.18.0",
    "stripe": "^9.14.0"
  },
  "devDependencies": {
    "eslint": "^8.9.0",
    "eslint-config-google": "^0.14.0",
    "eslint-config-prettier": "^8.5.0",
    "firebase-functions-test": "^0.2.0"
  },
  "private": true
}
[debug] [2022-09-02T14:19:12.985Z] Building nodejs source
[debug] [2022-09-02T14:19:12.986Z] Analyzing nodejs backend spec
[debug] [2022-09-02T14:19:12.989Z] Could not find functions.yaml. Must use http discovery
[debug] [2022-09-02T14:19:19.705Z] Serving at port 9005

[debug] [2022-09-02T14:19:24.525Z] Got response from /__/functions.yaml {"endpoints":{"api":{"platform":"gcfv1","httpsTrigger":{},"entryPoint":"api"}},"specVersion":"v1alpha1","requiredAPIs":[]}
[debug] [2022-09-02T14:19:24.540Z] shutdown requested via /__/quitquitquit

[info] +  functions: Loaded functions definitions from source: api. {"metadata":{"emulator":{"name":"functions"},"message":"Loaded functions definitions from source: api."}}
[info] +  functions[us-central1-api]: http function initialized (http://localhost:5001/clone-593e7/us-central1/api). {"metadata":{"emulator":{"name":"functions"},"message":"\u001b[1mhttp\u001b[22m function initialized (http://localhost:5001/clone-593e7/us-central1/api)."}}
[info] 
┌─────────────────────────────────────────────────────────────┐
│ ✔  All emulators ready! It is now safe to connect your app. │
│ i  View Emulator UI at http://localhost:4000                │
└─────────────────────────────────────────────────────────────┘

┌───────────┬────────────────┬─────────────────────────────────┐
│ Emulator  │ Host:Port      │ View in Emulator UI             │
├───────────┼────────────────┼─────────────────────────────────┤
│ Functions │ localhost:5001 │ http://localhost:4000/functions │
├───────────┼────────────────┼─────────────────────────────────┤
│ Hosting   │ localhost:5000 │ n/a                             │
└───────────┴────────────────┴─────────────────────────────────┘
  Emulator Hub running at localhost:4400
  Other reserved ports: 4500

Issues? Report them at https://github.com/firebase/firebase-tools/issues and attach the *-debug.log files.
 
[debug] [2022-09-02T14:21:31.403Z] [work-queue] {"queueLength":1,"workRunningCount":0}
[debug] [2022-09-02T14:21:31.404Z] [work-queue] {"queueLength":0,"workRunningCount":1}
[debug] [2022-09-02T14:21:31.405Z] Accepted request OPTIONS /clone-593e7/us-central1/api/payments/create?total=119998 --> us-central1-api
[debug] [2022-09-02T14:21:31.461Z] [worker-pool] addWorker(us-central1-api) {"metadata":{"emulator":{"name":"functions"},"message":"[worker-pool] addWorker(us-central1-api)"}}
[debug] [2022-09-02T14:21:31.462Z] [worker-pool] Adding worker with key us-central1-api, total=1 {"metadata":{"emulator":{"name":"functions"},"message":"[worker-pool] Adding worker with key us-central1-api, total=1"}}
[debug] [2022-09-02T14:21:31.462Z] [worker-pool] submitWork(triggerId=us-central1-api) {"metadata":{"emulator":{"name":"functions"},"message":"[worker-pool] submitWork(triggerId=us-central1-api)"}}
[debug] [2022-09-02T14:21:31.463Z] [worker-us-central1-api-e5dc429c-b8e1-4c7f-87a7-d57e1b4540d9]: BUSY {"metadata":{"emulator":{"name":"functions"},"message":"[worker-us-central1-api-e5dc429c-b8e1-4c7f-87a7-d57e1b4540d9]: BUSY"}}
[debug] [2022-09-02T14:21:31.640Z] [work-queue] {"queueLength":1,"workRunningCount":1}
[debug] [2022-09-02T14:21:31.641Z] [work-queue] {"queueLength":0,"workRunningCount":2}
[debug] [2022-09-02T14:21:31.641Z] Accepted request POST /clone-593e7/us-central1/api/payments/create?total=119998 --> us-central1-api
[debug] [2022-09-02T14:21:31.653Z] [worker-pool] addWorker(us-central1-api) {"metadata":{"emulator":{"name":"functions"},"message":"[worker-pool] addWorker(us-central1-api)"}}
[debug] [2022-09-02T14:21:31.653Z] [worker-pool] Adding worker with key us-central1-api, total=2 {"metadata":{"emulator":{"name":"functions"},"message":"[worker-pool] Adding worker with key us-central1-api, total=2"}}
[debug] [2022-09-02T14:21:31.654Z] [worker-pool] submitWork(triggerId=us-central1-api) {"metadata":{"emulator":{"name":"functions"},"message":"[worker-pool] submitWork(triggerId=us-central1-api)"}}
[debug] [2022-09-02T14:21:31.654Z] [worker-us-central1-api-48565dbe-5d05-4732-89e1-479fb1f5b9c6]: BUSY {"metadata":{"emulator":{"name":"functions"},"message":"[worker-us-central1-api-48565dbe-5d05-4732-89e1-479fb1f5b9c6]: BUSY"}}
[debug] FirebaseError: Failed to load function.
    at Timeout._onTimeout (C:\Users\farza\AppData\Roaming\nvm\v16.15.1\node_modules\firebase-tools\lib\emulator\functionsRuntimeWorker.js:104:24)
    at listOnTimeout (node:internal/timers:559:17)
    at processTimers (node:internal/timers:502:7) {"metadata":{"emulator":{"name":"functions"},"message":{"name":"FirebaseError","children":[],"exit":1,"message":"Failed to load function.","status":500}}}
[debug] [2022-09-02T14:21:38.504Z] [work-queue] {"queueLength":0,"workRunningCount":1}
[debug] FirebaseError: Failed to load function.
    at Timeout._onTimeout (C:\Users\farza\AppData\Roaming\nvm\v16.15.1\node_modules\firebase-tools\lib\emulator\functionsRuntimeWorker.js:104:24)
    at listOnTimeout (node:internal/timers:559:17)
    at processTimers (node:internal/timers:502:7) {"metadata":{"emulator":{"name":"functions"},"message":{"name":"FirebaseError","children":[],"exit":1,"message":"Failed to load function.","status":500}}}
[debug] [2022-09-02T14:21:38.741Z] [work-queue] {"queueLength":0,"workRunningCount":0}
[debug] [2022-09-02T14:22:03.070Z] [runtime-status] [8748] Resolved module firebase-admin {"declared":true,"installed":true,"version":"10.3.0","resolution":"C:\\Users\\farza\\Desktop\\amazon-clone\\amazon-clone\\functions\\node_modules\\firebase-admin\\lib\\index.js"} {"metadata":{"emulator":{"name":"functions"},"function":{"name":"us-central1-api"},"extension":{},"message":"[runtime-status] [8748] Resolved module firebase-admin {\"declared\":true,\"installed\":true,\"version\":\"10.3.0\",\"resolution\":\"C:\\\\Users\\\\farza\\\\Desktop\\\\amazon-clone\\\\amazon-clone\\\\functions\\\\node_modules\\\\firebase-admin\\\\lib\\\\index.js\"}"}}
[debug] [2022-09-02T14:22:03.073Z] [runtime-status] [7388] Resolved module firebase-admin {"declared":true,"installed":true,"version":"10.3.0","resolution":"C:\\Users\\farza\\Desktop\\amazon-clone\\amazon-clone\\functions\\node_modules\\firebase-admin\\lib\\index.js"} {"metadata":{"emulator":{"name":"functions"},"function":{"name":"us-central1-api"},"extension":{},"message":"[runtime-status] [7388] Resolved module firebase-admin {\"declared\":true,\"installed\":true,\"version\":\"10.3.0\",\"resolution\":\"C:\\\\Users\\\\farza\\\\Desktop\\\\amazon-clone\\\\amazon-clone\\\\functions\\\\node_modules\\\\firebase-admin\\\\lib\\\\index.js\"}"}}
[debug] [2022-09-02T14:22:03.076Z] [runtime-status] [8748] Resolved module firebase-functions {"declared":true,"installed":true,"version":"3.22.0","resolution":"C:\\Users\\farza\\Desktop\\amazon-clone\\amazon-clone\\functions\\node_modules\\firebase-functions\\lib\\index.js"} {"metadata":{"emulator":{"name":"functions"},"function":{"name":"us-central1-api"},"extension":{},"message":"[runtime-status] [8748] Resolved module firebase-functions {\"declared\":true,\"installed\":true,\"version\":\"3.22.0\",\"resolution\":\"C:\\\\Users\\\\farza\\\\Desktop\\\\amazon-clone\\\\amazon-clone\\\\functions\\\\node_modules\\\\firebase-functions\\\\lib\\\\index.js\"}"}}
[debug] [2022-09-02T14:22:03.077Z] [runtime-status] [7388] Resolved module firebase-functions {"declared":true,"installed":true,"version":"3.22.0","resolution":"C:\\Users\\farza\\Desktop\\amazon-clone\\amazon-clone\\functions\\node_modules\\firebase-functions\\lib\\index.js"} {"metadata":{"emulator":{"name":"functions"},"function":{"name":"us-central1-api"},"extension":{},"message":"[runtime-status] [7388] Resolved module firebase-functions {\"declared\":true,\"installed\":true,\"version\":\"3.22.0\",\"resolution\":\"C:\\\\Users\\\\farza\\\\Desktop\\\\amazon-clone\\\\amazon-clone\\\\functions\\\\node_modules\\\\firebase-functions\\\\lib\\\\index.js\"}"}}
[debug] [2022-09-02T14:22:03.078Z] [runtime-status] [7388] Outgoing network have been stubbed. [{"name":"http","status":"mocked"},{"name":"http","status":"mocked"},{"name":"https","status":"mocked"},{"name":"https","status":"mocked"},{"name":"net","status":"mocked"}] {"metadata":{"emulator":{"name":"functions"},"function":{"name":"us-central1-api"},"extension":{},"message":"[runtime-status] [7388] Outgoing network have been stubbed. [{\"name\":\"http\",\"status\":\"mocked\"},{\"name\":\"http\",\"status\":\"mocked\"},{\"name\":\"https\",\"status\":\"mocked\"},{\"name\":\"https\",\"status\":\"mocked\"},{\"name\":\"net\",\"status\":\"mocked\"}]"}}
[debug] [2022-09-02T14:22:03.079Z] [runtime-status] [8748] Outgoing network have been stubbed. [{"name":"http","status":"mocked"},{"name":"http","status":"mocked"},{"name":"https","status":"mocked"},{"name":"https","status":"mocked"},{"name":"net","status":"mocked"}] {"metadata":{"emulator":{"name":"functions"},"function":{"name":"us-central1-api"},"extension":{},"message":"[runtime-status] [8748] Outgoing network have been stubbed. [{\"name\":\"http\",\"status\":\"mocked\"},{\"name\":\"http\",\"status\":\"mocked\"},{\"name\":\"https\",\"status\":\"mocked\"},{\"name\":\"https\",\"status\":\"mocked\"},{\"name\":\"net\",\"status\":\"mocked\"}]"}}
[debug] [2022-09-02T14:22:03.084Z] [runtime-status] [8748] Resolved module firebase-functions {"declared":true,"installed":true,"version":"3.22.0","resolution":"C:\\Users\\farza\\Desktop\\amazon-clone\\amazon-clone\\functions\\node_modules\\firebase-functions\\lib\\index.js"} {"metadata":{"emulator":{"name":"functions"},"function":{"name":"us-central1-api"},"extension":{},"message":"[runtime-status] [8748] Resolved module firebase-functions {\"declared\":true,\"installed\":true,\"version\":\"3.22.0\",\"resolution\":\"C:\\\\Users\\\\farza\\\\Desktop\\\\amazon-clone\\\\amazon-clone\\\\functions\\\\node_modules\\\\firebase-functions\\\\lib\\\\index.js\"}"}}
[debug] [2022-09-02T14:22:03.085Z] [runtime-status] [7388] Resolved module firebase-functions {"declared":true,"installed":true,"version":"3.22.0","resolution":"C:\\Users\\farza\\Desktop\\amazon-clone\\amazon-clone\\functions\\node_modules\\firebase-functions\\lib\\index.js"} {"metadata":{"emulator":{"name":"functions"},"function":{"name":"us-central1-api"},"extension":{},"message":"[runtime-status] [7388] Resolved module firebase-functions {\"declared\":true,\"installed\":true,\"version\":\"3.22.0\",\"resolution\":\"C:\\\\Users\\\\farza\\\\Desktop\\\\amazon-clone\\\\amazon-clone\\\\functions\\\\node_modules\\\\firebase-functions\\\\lib\\\\index.js\"}"}}
[debug] [2022-09-02T14:22:03.227Z] [runtime-status] [7388] Checked functions.config() {"config":{}} {"metadata":{"emulator":{"name":"functions"},"function":{"name":"us-central1-api"},"extension":{},"message":"[runtime-status] [7388] Checked functions.config() {\"config\":{}}"}}
[debug] [2022-09-02T14:22:03.228Z] [runtime-status] [7388] firebase-functions has been stubbed. {"functionsResolution":{"declared":true,"installed":true,"version":"3.22.0","resolution":"C:\\Users\\farza\\Desktop\\amazon-clone\\amazon-clone\\functions\\node_modules\\firebase-functions\\lib\\index.js"}} {"metadata":{"emulator":{"name":"functions"},"function":{"name":"us-central1-api"},"extension":{},"message":"[runtime-status] [7388] firebase-functions has been stubbed. {\"functionsResolution\":{\"declared\":true,\"installed\":true,\"version\":\"3.22.0\",\"resolution\":\"C:\\\\Users\\\\farza\\\\Desktop\\\\amazon-clone\\\\amazon-clone\\\\functions\\\\node_modules\\\\firebase-functions\\\\lib\\\\index.js\"}}"}}
[debug] [2022-09-02T14:22:03.229Z] [runtime-status] [8748] Checked functions.config() {"config":{}} {"metadata":{"emulator":{"name":"functions"},"function":{"name":"us-central1-api"},"extension":{},"message":"[runtime-status] [8748] Checked functions.config() {\"config\":{}}"}}
[debug] [2022-09-02T14:22:03.230Z] [runtime-status] [8748] firebase-functions has been stubbed. {"functionsResolution":{"declared":true,"installed":true,"version":"3.22.0","resolution":"C:\\Users\\farza\\Desktop\\amazon-clone\\amazon-clone\\functions\\node_modules\\firebase-functions\\lib\\index.js"}} {"metadata":{"emulator":{"name":"functions"},"function":{"name":"us-central1-api"},"extension":{},"message":"[runtime-status] [8748] firebase-functions has been stubbed. {\"functionsResolution\":{\"declared\":true,\"installed\":true,\"version\":\"3.22.0\",\"resolution\":\"C:\\\\Users\\\\farza\\\\Desktop\\\\amazon-clone\\\\amazon-clone\\\\functions\\\\node_modules\\\\firebase-functions\\\\lib\\\\index.js\"}}"}}
[debug] [2022-09-02T14:22:03.231Z] [runtime-status] [7388] Resolved module firebase-functions {"declared":true,"installed":true,"version":"3.22.0","resolution":"C:\\Users\\farza\\Desktop\\amazon-clone\\amazon-clone\\functions\\node_modules\\firebase-functions\\lib\\index.js"} {"metadata":{"emulator":{"name":"functions"},"function":{"name":"us-central1-api"},"extension":{},"message":"[runtime-status] [7388] Resolved module firebase-functions {\"declared\":true,\"installed\":true,\"version\":\"3.22.0\",\"resolution\":\"C:\\\\Users\\\\farza\\\\Desktop\\\\amazon-clone\\\\amazon-clone\\\\functions\\\\node_modules\\\\firebase-functions\\\\lib\\\\index.js\"}"}}
[debug] [2022-09-02T14:22:03.232Z] [runtime-status] [8748] Resolved module firebase-functions {"declared":true,"installed":true,"version":"3.22.0","resolution":"C:\\Users\\farza\\Desktop\\amazon-clone\\amazon-clone\\functions\\node_modules\\firebase-functions\\lib\\index.js"} {"metadata":{"emulator":{"name":"functions"},"function":{"name":"us-central1-api"},"extension":{},"message":"[runtime-status] [8748] Resolved module firebase-functions {\"declared\":true,\"installed\":true,\"version\":\"3.22.0\",\"resolution\":\"C:\\\\Users\\\\farza\\\\Desktop\\\\amazon-clone\\\\amazon-clone\\\\functions\\\\node_modules\\\\firebase-functions\\\\lib\\\\index.js\"}"}}
[debug] [2022-09-02T14:22:03.235Z] [runtime-status] [7388] Resolved module firebase-admin {"declared":true,"installed":true,"version":"10.3.0","resolution":"C:\\Users\\farza\\Desktop\\amazon-clone\\amazon-clone\\functions\\node_modules\\firebase-admin\\lib\\index.js"} {"metadata":{"emulator":{"name":"functions"},"function":{"name":"us-central1-api"},"extension":{},"message":"[runtime-status] [7388] Resolved module firebase-admin {\"declared\":true,\"installed\":true,\"version\":\"10.3.0\",\"resolution\":\"C:\\\\Users\\\\farza\\\\Desktop\\\\amazon-clone\\\\amazon-clone\\\\functions\\\\node_modules\\\\firebase-admin\\\\lib\\\\index.js\"}"}}
[debug] [2022-09-02T14:22:03.236Z] [runtime-status] [8748] Resolved module firebase-admin {"declared":true,"installed":true,"version":"10.3.0","resolution":"C:\\Users\\farza\\Desktop\\amazon-clone\\amazon-clone\\functions\\node_modules\\firebase-admin\\lib\\index.js"} {"metadata":{"emulator":{"name":"functions"},"function":{"name":"us-central1-api"},"extension":{},"message":"[runtime-status] [8748] Resolved module firebase-admin {\"declared\":true,\"installed\":true,\"version\":\"10.3.0\",\"resolution\":\"C:\\\\Users\\\\farza\\\\Desktop\\\\amazon-clone\\\\amazon-clone\\\\functions\\\\node_modules\\\\firebase-admin\\\\lib\\\\index.js\"}"}}
[debug] [2022-09-02T14:22:03.238Z] [runtime-status] [7388] Resolved module firebase-functions {"declared":true,"installed":true,"version":"3.22.0","resolution":"C:\\Users\\farza\\Desktop\\amazon-clone\\amazon-clone\\functions\\node_modules\\firebase-functions\\lib\\index.js"} {"metadata":{"emulator":{"name":"functions"},"function":{"name":"us-central1-api"},"extension":{},"message":"[runtime-status] [7388] Resolved module firebase-functions {\"declared\":true,\"installed\":true,\"version\":\"3.22.0\",\"resolution\":\"C:\\\\Users\\\\farza\\\\Desktop\\\\amazon-clone\\\\amazon-clone\\\\functions\\\\node_modules\\\\firebase-functions\\\\lib\\\\index.js\"}"}}
[debug] [2022-09-02T14:22:03.239Z] [runtime-status] [8748] Resolved module firebase-functions {"declared":true,"installed":true,"version":"3.22.0","resolution":"C:\\Users\\farza\\Desktop\\amazon-clone\\amazon-clone\\functions\\node_modules\\firebase-functions\\lib\\index.js"} {"metadata":{"emulator":{"name":"functions"},"function":{"name":"us-central1-api"},"extension":{},"message":"[runtime-status] [8748] Resolved module firebase-functions {\"declared\":true,\"installed\":true,\"version\":\"3.22.0\",\"resolution\":\"C:\\\\Users\\\\farza\\\\Desktop\\\\amazon-clone\\\\amazon-clone\\\\functions\\\\node_modules\\\\firebase-functions\\\\lib\\\\index.js\"}"}}
[debug] [2022-09-02T14:22:03.239Z] [runtime-status] [7388] firebase-admin has been stubbed. {"adminResolution":{"declared":true,"installed":true,"version":"10.3.0","resolution":"C:\\Users\\farza\\Desktop\\amazon-clone\\amazon-clone\\functions\\node_modules\\firebase-admin\\lib\\index.js"}} {"metadata":{"emulator":{"name":"functions"},"function":{"name":"us-central1-api"},"extension":{},"message":"[runtime-status] [7388] firebase-admin has been stubbed. {\"adminResolution\":{\"declared\":true,\"installed\":true,\"version\":\"10.3.0\",\"resolution\":\"C:\\\\Users\\\\farza\\\\Desktop\\\\amazon-clone\\\\amazon-clone\\\\functions\\\\node_modules\\\\firebase-admin\\\\lib\\\\index.js\"}}"}}
[debug] [2022-09-02T14:22:03.240Z] [runtime-status] [7388] Functions runtime initialized. {"cwd":"C:\\Users\\farza\\Desktop\\amazon-clone\\amazon-clone\\functions","node_version":"16.15.1"} {"metadata":{"emulator":{"name":"functions"},"function":{"name":"us-central1-api"},"extension":{},"message":"[runtime-status] [7388] Functions runtime initialized. {\"cwd\":\"C:\\\\Users\\\\farza\\\\Desktop\\\\amazon-clone\\\\amazon-clone\\\\functions\",\"node_version\":\"16.15.1\"}"}}
[debug] [2022-09-02T14:22:03.240Z] [runtime-status] [8748] firebase-admin has been stubbed. {"adminResolution":{"declared":true,"installed":true,"version":"10.3.0","resolution":"C:\\Users\\farza\\Desktop\\amazon-clone\\amazon-clone\\functions\\node_modules\\firebase-admin\\lib\\index.js"}} {"metadata":{"emulator":{"name":"functions"},"function":{"name":"us-central1-api"},"extension":{},"message":"[runtime-status] [8748] firebase-admin has been stubbed. {\"adminResolution\":{\"declared\":true,\"installed\":true,\"version\":\"10.3.0\",\"resolution\":\"C:\\\\Users\\\\farza\\\\Desktop\\\\amazon-clone\\\\amazon-clone\\\\functions\\\\node_modules\\\\firebase-admin\\\\lib\\\\index.js\"}}"}}
[debug] [2022-09-02T14:22:03.241Z] [runtime-status] [8748] Functions runtime initialized. {"cwd":"C:\\Users\\farza\\Desktop\\amazon-clone\\amazon-clone\\functions","node_version":"16.15.1"} {"metadata":{"emulator":{"name":"functions"},"function":{"name":"us-central1-api"},"extension":{},"message":"[runtime-status] [8748] Functions runtime initialized. {\"cwd\":\"C:\\\\Users\\\\farza\\\\Desktop\\\\amazon-clone\\\\amazon-clone\\\\functions\",\"node_version\":\"16.15.1\"}"}}
[debug] [2022-09-02T14:22:03.678Z] [runtime-status] [8748] Beginning invocation function api! {"metadata":{"emulator":{"name":"functions"},"function":{"name":"us-central1-api"},"extension":{},"message":"[runtime-status] [8748] Beginning invocation function api!"}}
[info] i  functions: Beginning execution of "api" {"metadata":{"emulator":{"name":"functions"},"function":{"name":"us-central1-api"},"extension":{},"message":"Beginning execution of \"api\""}}
[debug] [2022-09-02T14:22:03.680Z] [runtime-status] [8748] Running api in signature http {"metadata":{"emulator":{"name":"functions"},"function":{"name":"us-central1-api"},"extension":{},"message":"[runtime-status] [8748] Running api in signature http"}}
[debug] [2022-09-02T14:22:03.682Z] [runtime-status] [7388] Beginning invocation function api! {"metadata":{"emulator":{"name":"functions"},"function":{"name":"us-central1-api"},"extension":{},"message":"[runtime-status] [7388] Beginning invocation function api!"}}
[info] i  functions: Beginning execution of "api" {"metadata":{"emulator":{"name":"functions"},"function":{"name":"us-central1-api"},"extension":{},"message":"Beginning execution of \"api\""}}
[debug] [2022-09-02T14:22:03.684Z] [runtime-status] [7388] Running api in signature http {"metadata":{"emulator":{"name":"functions"},"function":{"name":"us-central1-api"},"extension":{},"message":"[runtime-status] [7388] Running api in signature http"}}
[debug] [2022-09-02T14:22:03.695Z] [runtime-status] [8748] Listening to port: \\?\pipe\fire_emu_9157d8e73641beac {"metadata":{"emulator":{"name":"functions"},"function":{"name":"us-central1-api"},"extension":{},"message":"[runtime-status] [8748] Listening to port: \\\\?\\pipe\\fire_emu_9157d8e73641beac"}}
[debug] [2022-09-02T14:22:03.719Z] [runtime-status] [7388] Listening to port: \\?\pipe\fire_emu_63823e14aec4dc8d {"metadata":{"emulator":{"name":"functions"},"function":{"name":"us-central1-api"},"extension":{},"message":"[runtime-status] [7388] Listening to port: \\\\?\\pipe\\fire_emu_63823e14aec4dc8d"}}
[warn] !  functions: Your function timed out after ~60s. To configure this timeout, see
      https://firebase.google.com/docs/functions/manage-functions#set_timeout_and_memory_allocation. {"metadata":{"emulator":{"name":"functions"},"function":{"name":"us-central1-api"},"extension":{},"message":"Your function timed out after ~60s. To configure this timeout, see\n      https://firebase.google.com/docs/functions/manage-functions#set_timeout_and_memory_allocation."}}
[warn] !  functions: Your function timed out after ~60s. To configure this timeout, see
      https://firebase.google.com/docs/functions/manage-functions#set_timeout_and_memory_allocation. {"metadata":{"emulator":{"name":"functions"},"function":{"name":"us-central1-api"},"extension":{},"message":"Your function timed out after ~60s. To configure this timeout, see\n      https://firebase.google.com/docs/functions/manage-functions#set_timeout_and_memory_allocation."}}
[info] >  C:\Users\farza\AppData\Roaming\nvm\v16.15.1\node_modules\firebase-tools\lib\emulator\functionsEmulatorRuntime.js:635 {"user":"C:\\Users\\farza\\AppData\\Roaming\\nvm\\v16.15.1\\node_modules\\firebase-tools\\lib\\emulator\\functionsEmulatorRuntime.js:635\r","metadata":{"emulator":{"name":"functions"},"function":{"name":"us-central1-api"},"extension":{},"message":"\u001b[90m> \u001b[39m C:\\Users\\farza\\AppData\\Roaming\\nvm\\v16.15.1\\node_modules\\firebase-tools\\lib\\emulator\\functionsEmulatorRuntime.js:635\r"}}
[info] >              throw new Error("Function timed out."); {"user":"            throw new Error(\"Function timed out.\");\r","metadata":{"emulator":{"name":"functions"},"function":{"name":"us-central1-api"},"extension":{},"message":"\u001b[90m> \u001b[39m             throw new Error(\"Function timed out.\");\r"}}
[info] >              ^ {"user":"            ^\r","metadata":{"emulator":{"name":"functions"},"function":{"name":"us-central1-api"},"extension":{},"message":"\u001b[90m> \u001b[39m             ^\r"}}
[info] >   {"user":"\r","metadata":{"emulator":{"name":"functions"},"function":{"name":"us-central1-api"},"extension":{},"message":"\u001b[90m> \u001b[39m \r"}}
[info] >  Error: Function timed out. {"user":"Error: Function timed out.\r","metadata":{"emulator":{"name":"functions"},"function":{"name":"us-central1-api"},"extension":{},"message":"\u001b[90m> \u001b[39m Error: Function timed out.\r"}}
[info] >      at Timeout._onTimeout (C:\Users\farza\AppData\Roaming\nvm\v16.15.1\node_modules\firebase-tools\lib\emulator\functionsEmulatorRuntime.js:635:19) {"user":"    at Timeout._onTimeout (C:\\Users\\farza\\AppData\\Roaming\\nvm\\v16.15.1\\node_modules\\firebase-tools\\lib\\emulator\\functionsEmulatorRuntime.js:635:19)\r","metadata":{"emulator":{"name":"functions"},"function":{"name":"us-central1-api"},"extension":{},"message":"\u001b[90m> \u001b[39m     at Timeout._onTimeout (C:\\Users\\farza\\AppData\\Roaming\\nvm\\v16.15.1\\node_modules\\firebase-tools\\lib\\emulator\\functionsEmulatorRuntime.js:635:19)\r"}}
[info] >      at listOnTimeout (node:internal/timers:559:17) {"user":"    at listOnTimeout (node:internal/timers:559:17)\r","metadata":{"emulator":{"name":"functions"},"function":{"name":"us-central1-api"},"extension":{},"message":"\u001b[90m> \u001b[39m     at listOnTimeout (node:internal/timers:559:17)\r"}}
[info] >      at processTimers (node:internal/timers:502:7) {"user":"    at processTimers (node:internal/timers:502:7)\r","metadata":{"emulator":{"name":"functions"},"function":{"name":"us-central1-api"},"extension":{},"message":"\u001b[90m> \u001b[39m     at processTimers (node:internal/timers:502:7)\r"}}
[info] >  C:\Users\farza\AppData\Roaming\nvm\v16.15.1\node_modules\firebase-tools\lib\emulator\functionsEmulatorRuntime.js:635 {"user":"C:\\Users\\farza\\AppData\\Roaming\\nvm\\v16.15.1\\node_modules\\firebase-tools\\lib\\emulator\\functionsEmulatorRuntime.js:635\r","metadata":{"emulator":{"name":"functions"},"function":{"name":"us-central1-api"},"extension":{},"message":"\u001b[90m> \u001b[39m C:\\Users\\farza\\AppData\\Roaming\\nvm\\v16.15.1\\node_modules\\firebase-tools\\lib\\emulator\\functionsEmulatorRuntime.js:635\r"}}
[info] >              throw new Error("Function timed out."); {"user":"            throw new Error(\"Function timed out.\");\r","metadata":{"emulator":{"name":"functions"},"function":{"name":"us-central1-api"},"extension":{},"message":"\u001b[90m> \u001b[39m             throw new Error(\"Function timed out.\");\r"}}
[info] >              ^ {"user":"            ^\r","metadata":{"emulator":{"name":"functions"},"function":{"name":"us-central1-api"},"extension":{},"message":"\u001b[90m> \u001b[39m             ^\r"}}
[info] >   {"user":"\r","metadata":{"emulator":{"name":"functions"},"function":{"name":"us-central1-api"},"extension":{},"message":"\u001b[90m> \u001b[39m \r"}}
[info] >  Error: Function timed out. {"user":"Error: Function timed out.\r","metadata":{"emulator":{"name":"functions"},"function":{"name":"us-central1-api"},"extension":{},"message":"\u001b[90m> \u001b[39m Error: Function timed out.\r"}}
[info] >      at Timeout._onTimeout (C:\Users\farza\AppData\Roaming\nvm\v16.15.1\node_modules\firebase-tools\lib\emulator\functionsEmulatorRuntime.js:635:19) {"user":"    at Timeout._onTimeout (C:\\Users\\farza\\AppData\\Roaming\\nvm\\v16.15.1\\node_modules\\firebase-tools\\lib\\emulator\\functionsEmulatorRuntime.js:635:19)\r","metadata":{"emulator":{"name":"functions"},"function":{"name":"us-central1-api"},"extension":{},"message":"\u001b[90m> \u001b[39m     at Timeout._onTimeout (C:\\Users\\farza\\AppData\\Roaming\\nvm\\v16.15.1\\node_modules\\firebase-tools\\lib\\emulator\\functionsEmulatorRuntime.js:635:19)\r"}}
[info] >      at listOnTimeout (node:internal/timers:559:17) {"user":"    at listOnTimeout (node:internal/timers:559:17)\r","metadata":{"emulator":{"name":"functions"},"function":{"name":"us-central1-api"},"extension":{},"message":"\u001b[90m> \u001b[39m     at listOnTimeout (node:internal/timers:559:17)\r"}}
[info] >      at processTimers (node:internal/timers:502:7) {"user":"    at processTimers (node:internal/timers:502:7)\r","metadata":{"emulator":{"name":"functions"},"function":{"name":"us-central1-api"},"extension":{},"message":"\u001b[90m> \u001b[39m     at processTimers (node:internal/timers:502:7)\r"}}
[debug] [2022-09-02T14:23:03.829Z] [worker-us-central1-api-e5dc429c-b8e1-4c7f-87a7-d57e1b4540d9]: exited {"metadata":{"emulator":{"name":"functions"},"message":"[worker-us-central1-api-e5dc429c-b8e1-4c7f-87a7-d57e1b4540d9]: exited"}}
[debug] [2022-09-02T14:23:03.829Z] [worker-us-central1-api-e5dc429c-b8e1-4c7f-87a7-d57e1b4540d9]: FINISHED {"metadata":{"emulator":{"name":"functions"},"message":"[worker-us-central1-api-e5dc429c-b8e1-4c7f-87a7-d57e1b4540d9]: FINISHED"}}
[debug] [2022-09-02T14:23:03.829Z] [worker-us-central1-api-48565dbe-5d05-4732-89e1-479fb1f5b9c6]: exited {"metadata":{"emulator":{"name":"functions"},"message":"[worker-us-central1-api-48565dbe-5d05-4732-89e1-479fb1f5b9c6]: exited"}}
[debug] [2022-09-02T14:23:03.829Z] [worker-us-central1-api-48565dbe-5d05-4732-89e1-479fb1f5b9c6]: FINISHED {"metadata":{"emulator":{"name":"functions"},"message":"[worker-us-central1-api-48565dbe-5d05-4732-89e1-479fb1f5b9c6]: FINISHED"}}
[debug] [2022-09-02T14:28:31.447Z] [work-queue] {"queueLength":1,"workRunningCount":0}
[debug] [2022-09-02T14:28:31.447Z] [work-queue] {"queueLength":0,"workRunningCount":1}
[debug] [2022-09-02T14:28:31.448Z] Accepted request POST /clone-593e7/us-central1/api/payments/create?total=793 --> us-central1-api
[debug] [2022-09-02T14:28:31.448Z] [worker-pool] Cleaned up workers for us-central1-api: 2 --> 0 {"metadata":{"emulator":{"name":"functions"},"message":"[worker-pool] Cleaned up workers for us-central1-api: 2 --> 0"}}
[debug] [2022-09-02T14:28:31.608Z] [worker-pool] addWorker(us-central1-api) {"metadata":{"emulator":{"name":"functions"},"message":"[worker-pool] addWorker(us-central1-api)"}}
[debug] [2022-09-02T14:28:31.609Z] [worker-pool] Adding worker with key us-central1-api, total=1 {"metadata":{"emulator":{"name":"functions"},"message":"[worker-pool] Adding worker with key us-central1-api, total=1"}}
[debug] [2022-09-02T14:28:31.610Z] [worker-pool] submitWork(triggerId=us-central1-api) {"metadata":{"emulator":{"name":"functions"},"message":"[worker-pool] submitWork(triggerId=us-central1-api)"}}
[debug] [2022-09-02T14:28:31.610Z] [worker-us-central1-api-1a1031db-9604-4863-b3de-19447caa0bfb]: BUSY {"metadata":{"emulator":{"name":"functions"},"message":"[worker-us-central1-api-1a1031db-9604-4863-b3de-19447caa0bfb]: BUSY"}}
[debug] [2022-09-02T14:28:31.613Z] [work-queue] {"queueLength":1,"workRunningCount":1}
[debug] [2022-09-02T14:28:31.614Z] [work-queue] {"queueLength":0,"workRunningCount":2}
[debug] [2022-09-02T14:28:31.614Z] Accepted request POST /clone-593e7/us-central1/api/payments/create?total=793 --> us-central1-api
[debug] [2022-09-02T14:28:31.630Z] [worker-pool] addWorker(us-central1-api) {"metadata":{"emulator":{"name":"functions"},"message":"[worker-pool] addWorker(us-central1-api)"}}
[debug] [2022-09-02T14:28:31.630Z] [worker-pool] Adding worker with key us-central1-api, total=2 {"metadata":{"emulator":{"name":"functions"},"message":"[worker-pool] Adding worker with key us-central1-api, total=2"}}
[debug] [2022-09-02T14:28:31.630Z] [worker-pool] submitWork(triggerId=us-central1-api) {"metadata":{"emulator":{"name":"functions"},"message":"[worker-pool] submitWork(triggerId=us-central1-api)"}}
[debug] [2022-09-02T14:28:31.630Z] [worker-us-central1-api-7c9b27c1-673b-4a5b-ba78-a9e55b769fea]: BUSY {"metadata":{"emulator":{"name":"functions"},"message":"[worker-us-central1-api-7c9b27c1-673b-4a5b-ba78-a9e55b769fea]: BUSY"}}
[debug] FirebaseError: Failed to load function.
    at Timeout._onTimeout (C:\Users\farza\AppData\Roaming\nvm\v16.15.1\node_modules\firebase-tools\lib\emulator\functionsRuntimeWorker.js:104:24)
    at listOnTimeout (node:internal/timers:559:17)
    at processTimers (node:internal/timers:502:7) {"metadata":{"emulator":{"name":"functions"},"message":{"name":"FirebaseError","children":[],"exit":1,"message":"Failed to load function.","status":500}}}
[debug] [2022-09-02T14:28:38.708Z] [work-queue] {"queueLength":0,"workRunningCount":1}
[debug] FirebaseError: Failed to load function.
    at Timeout._onTimeout (C:\Users\farza\AppData\Roaming\nvm\v16.15.1\node_modules\firebase-tools\lib\emulator\functionsRuntimeWorker.js:104:24)
    at listOnTimeout (node:internal/timers:559:17)
    at processTimers (node:internal/timers:502:7) {"metadata":{"emulator":{"name":"functions"},"message":{"name":"FirebaseError","children":[],"exit":1,"message":"Failed to load function.","status":500}}}
[debug] [2022-09-02T14:28:38.709Z] [work-queue] {"queueLength":0,"workRunningCount":0}
[debug] [2022-09-02T14:29:07.378Z] [runtime-status] [2852] Resolved module firebase-admin {"declared":true,"installed":true,"version":"10.3.0","resolution":"C:\\Users\\farza\\Desktop\\amazon-clone\\amazon-clone\\functions\\node_modules\\firebase-admin\\lib\\index.js"} {"metadata":{"emulator":{"name":"functions"},"function":{"name":"us-central1-api"},"extension":{},"message":"[runtime-status] [2852] Resolved module firebase-admin {\"declared\":true,\"installed\":true,\"version\":\"10.3.0\",\"resolution\":\"C:\\\\Users\\\\farza\\\\Desktop\\\\amazon-clone\\\\amazon-clone\\\\functions\\\\node_modules\\\\firebase-admin\\\\lib\\\\index.js\"}"}}
[debug] [2022-09-02T14:29:07.379Z] [runtime-status] [3784] Resolved module firebase-admin {"declared":true,"installed":true,"version":"10.3.0","resolution":"C:\\Users\\farza\\Desktop\\amazon-clone\\amazon-clone\\functions\\node_modules\\firebase-admin\\lib\\index.js"} {"metadata":{"emulator":{"name":"functions"},"function":{"name":"us-central1-api"},"extension":{},"message":"[runtime-status] [3784] Resolved module firebase-admin {\"declared\":true,\"installed\":true,\"version\":\"10.3.0\",\"resolution\":\"C:\\\\Users\\\\farza\\\\Desktop\\\\amazon-clone\\\\amazon-clone\\\\functions\\\\node_modules\\\\firebase-admin\\\\lib\\\\index.js\"}"}}
[debug] [2022-09-02T14:29:07.414Z] [runtime-status] [3784] Resolved module firebase-functions {"declared":true,"installed":true,"version":"3.22.0","resolution":"C:\\Users\\farza\\Desktop\\amazon-clone\\amazon-clone\\functions\\node_modules\\firebase-functions\\lib\\index.js"} {"metadata":{"emulator":{"name":"functions"},"function":{"name":"us-central1-api"},"extension":{},"message":"[runtime-status] [3784] Resolved module firebase-functions {\"declared\":true,\"installed\":true,\"version\":\"3.22.0\",\"resolution\":\"C:\\\\Users\\\\farza\\\\Desktop\\\\amazon-clone\\\\amazon-clone\\\\functions\\\\node_modules\\\\firebase-functions\\\\lib\\\\index.js\"}"}}
[debug] [2022-09-02T14:29:07.415Z] [runtime-status] [2852] Resolved module firebase-functions {"declared":true,"installed":true,"version":"3.22.0","resolution":"C:\\Users\\farza\\Desktop\\amazon-clone\\amazon-clone\\functions\\node_modules\\firebase-functions\\lib\\index.js"} {"metadata":{"emulator":{"name":"functions"},"function":{"name":"us-central1-api"},"extension":{},"message":"[runtime-status] [2852] Resolved module firebase-functions {\"declared\":true,\"installed\":true,\"version\":\"3.22.0\",\"resolution\":\"C:\\\\Users\\\\farza\\\\Desktop\\\\amazon-clone\\\\amazon-clone\\\\functions\\\\node_modules\\\\firebase-functions\\\\lib\\\\index.js\"}"}}
[debug] [2022-09-02T14:29:07.416Z] [runtime-status] [2852] Outgoing network have been stubbed. [{"name":"http","status":"mocked"},{"name":"http","status":"mocked"},{"name":"https","status":"mocked"},{"name":"https","status":"mocked"},{"name":"net","status":"mocked"}] {"metadata":{"emulator":{"name":"functions"},"function":{"name":"us-central1-api"},"extension":{},"message":"[runtime-status] [2852] Outgoing network have been stubbed. [{\"name\":\"http\",\"status\":\"mocked\"},{\"name\":\"http\",\"status\":\"mocked\"},{\"name\":\"https\",\"status\":\"mocked\"},{\"name\":\"https\",\"status\":\"mocked\"},{\"name\":\"net\",\"status\":\"mocked\"}]"}}
[debug] [2022-09-02T14:29:07.417Z] [runtime-status] [3784] Outgoing network have been stubbed. [{"name":"http","status":"mocked"},{"name":"http","status":"mocked"},{"name":"https","status":"mocked"},{"name":"https","status":"mocked"},{"name":"net","status":"mocked"}] {"metadata":{"emulator":{"name":"functions"},"function":{"name":"us-central1-api"},"extension":{},"message":"[runtime-status] [3784] Outgoing network have been stubbed. [{\"name\":\"http\",\"status\":\"mocked\"},{\"name\":\"http\",\"status\":\"mocked\"},{\"name\":\"https\",\"status\":\"mocked\"},{\"name\":\"https\",\"status\":\"mocked\"},{\"name\":\"net\",\"status\":\"mocked\"}]"}}
[debug] [2022-09-02T14:29:07.423Z] [runtime-status] [2852] Resolved module firebase-functions {"declared":true,"installed":true,"version":"3.22.0","resolution":"C:\\Users\\farza\\Desktop\\amazon-clone\\amazon-clone\\functions\\node_modules\\firebase-functions\\lib\\index.js"} {"metadata":{"emulator":{"name":"functions"},"function":{"name":"us-central1-api"},"extension":{},"message":"[runtime-status] [2852] Resolved module firebase-functions {\"declared\":true,\"installed\":true,\"version\":\"3.22.0\",\"resolution\":\"C:\\\\Users\\\\farza\\\\Desktop\\\\amazon-clone\\\\amazon-clone\\\\functions\\\\node_modules\\\\firebase-functions\\\\lib\\\\index.js\"}"}}
[debug] [2022-09-02T14:29:07.423Z] [runtime-status] [3784] Resolved module firebase-functions {"declared":true,"installed":true,"version":"3.22.0","resolution":"C:\\Users\\farza\\Desktop\\amazon-clone\\amazon-clone\\functions\\node_modules\\firebase-functions\\lib\\index.js"} {"metadata":{"emulator":{"name":"functions"},"function":{"name":"us-central1-api"},"extension":{},"message":"[runtime-status] [3784] Resolved module firebase-functions {\"declared\":true,\"installed\":true,\"version\":\"3.22.0\",\"resolution\":\"C:\\\\Users\\\\farza\\\\Desktop\\\\amazon-clone\\\\amazon-clone\\\\functions\\\\node_modules\\\\firebase-functions\\\\lib\\\\index.js\"}"}}
[debug] [2022-09-02T14:29:08.318Z] [runtime-status] [3784] Checked functions.config() {"config":{}} {"metadata":{"emulator":{"name":"functions"},"function":{"name":"us-central1-api"},"extension":{},"message":"[runtime-status] [3784] Checked functions.config() {\"config\":{}}"}}
[debug] [2022-09-02T14:29:08.318Z] [runtime-status] [2852] Checked functions.config() {"config":{}} {"metadata":{"emulator":{"name":"functions"},"function":{"name":"us-central1-api"},"extension":{},"message":"[runtime-status] [2852] Checked functions.config() {\"config\":{}}"}}
[debug] [2022-09-02T14:29:08.319Z] [runtime-status] [3784] firebase-functions has been stubbed. {"functionsResolution":{"declared":true,"installed":true,"version":"3.22.0","resolution":"C:\\Users\\farza\\Desktop\\amazon-clone\\amazon-clone\\functions\\node_modules\\firebase-functions\\lib\\index.js"}} {"metadata":{"emulator":{"name":"functions"},"function":{"name":"us-central1-api"},"extension":{},"message":"[runtime-status] [3784] firebase-functions has been stubbed. {\"functionsResolution\":{\"declared\":true,\"installed\":true,\"version\":\"3.22.0\",\"resolution\":\"C:\\\\Users\\\\farza\\\\Desktop\\\\amazon-clone\\\\amazon-clone\\\\functions\\\\node_modules\\\\firebase-functions\\\\lib\\\\index.js\"}}"}}
[debug] [2022-09-02T14:29:08.320Z] [runtime-status] [2852] firebase-functions has been stubbed. {"functionsResolution":{"declared":true,"installed":true,"version":"3.22.0","resolution":"C:\\Users\\farza\\Desktop\\amazon-clone\\amazon-clone\\functions\\node_modules\\firebase-functions\\lib\\index.js"}} {"metadata":{"emulator":{"name":"functions"},"function":{"name":"us-central1-api"},"extension":{},"message":"[runtime-status] [2852] firebase-functions has been stubbed. {\"functionsResolution\":{\"declared\":true,\"installed\":true,\"version\":\"3.22.0\",\"resolution\":\"C:\\\\Users\\\\farza\\\\Desktop\\\\amazon-clone\\\\amazon-clone\\\\functions\\\\node_modules\\\\firebase-functions\\\\lib\\\\index.js\"}}"}}
[debug] [2022-09-02T14:29:08.324Z] [runtime-status] [2852] Resolved module firebase-functions {"declared":true,"installed":true,"version":"3.22.0","resolution":"C:\\Users\\farza\\Desktop\\amazon-clone\\amazon-clone\\functions\\node_modules\\firebase-functions\\lib\\index.js"} {"metadata":{"emulator":{"name":"functions"},"function":{"name":"us-central1-api"},"extension":{},"message":"[runtime-status] [2852] Resolved module firebase-functions {\"declared\":true,\"installed\":true,\"version\":\"3.22.0\",\"resolution\":\"C:\\\\Users\\\\farza\\\\Desktop\\\\amazon-clone\\\\amazon-clone\\\\functions\\\\node_modules\\\\firebase-functions\\\\lib\\\\index.js\"}"}}
[debug] [2022-09-02T14:29:08.325Z] [runtime-status] [3784] Resolved module firebase-functions {"declared":true,"installed":true,"version":"3.22.0","resolution":"C:\\Users\\farza\\Desktop\\amazon-clone\\amazon-clone\\functions\\node_modules\\firebase-functions\\lib\\index.js"} {"metadata":{"emulator":{"name":"functions"},"function":{"name":"us-central1-api"},"extension":{},"message":"[runtime-status] [3784] Resolved module firebase-functions {\"declared\":true,\"installed\":true,\"version\":\"3.22.0\",\"resolution\":\"C:\\\\Users\\\\farza\\\\Desktop\\\\amazon-clone\\\\amazon-clone\\\\functions\\\\node_modules\\\\firebase-functions\\\\lib\\\\index.js\"}"}}
[debug] [2022-09-02T14:29:08.330Z] [runtime-status] [3784] Resolved module firebase-admin {"declared":true,"installed":true,"version":"10.3.0","resolution":"C:\\Users\\farza\\Desktop\\amazon-clone\\amazon-clone\\functions\\node_modules\\firebase-admin\\lib\\index.js"} {"metadata":{"emulator":{"name":"functions"},"function":{"name":"us-central1-api"},"extension":{},"message":"[runtime-status] [3784] Resolved module firebase-admin {\"declared\":true,\"installed\":true,\"version\":\"10.3.0\",\"resolution\":\"C:\\\\Users\\\\farza\\\\Desktop\\\\amazon-clone\\\\amazon-clone\\\\functions\\\\node_modules\\\\firebase-admin\\\\lib\\\\index.js\"}"}}
[debug] [2022-09-02T14:29:08.331Z] [runtime-status] [2852] Resolved module firebase-admin {"declared":true,"installed":true,"version":"10.3.0","resolution":"C:\\Users\\farza\\Desktop\\amazon-clone\\amazon-clone\\functions\\node_modules\\firebase-admin\\lib\\index.js"} {"metadata":{"emulator":{"name":"functions"},"function":{"name":"us-central1-api"},"extension":{},"message":"[runtime-status] [2852] Resolved module firebase-admin {\"declared\":true,\"installed\":true,\"version\":\"10.3.0\",\"resolution\":\"C:\\\\Users\\\\farza\\\\Desktop\\\\amazon-clone\\\\amazon-clone\\\\functions\\\\node_modules\\\\firebase-admin\\\\lib\\\\index.js\"}"}}
[debug] [2022-09-02T14:29:08.333Z] [runtime-status] [3784] Resolved module firebase-functions {"declared":true,"installed":true,"version":"3.22.0","resolution":"C:\\Users\\farza\\Desktop\\amazon-clone\\amazon-clone\\functions\\node_modules\\firebase-functions\\lib\\index.js"} {"metadata":{"emulator":{"name":"functions"},"function":{"name":"us-central1-api"},"extension":{},"message":"[runtime-status] [3784] Resolved module firebase-functions {\"declared\":true,\"installed\":true,\"version\":\"3.22.0\",\"resolution\":\"C:\\\\Users\\\\farza\\\\Desktop\\\\amazon-clone\\\\amazon-clone\\\\functions\\\\node_modules\\\\firebase-functions\\\\lib\\\\index.js\"}"}}
[debug] [2022-09-02T14:29:08.335Z] [runtime-status] [3784] firebase-admin has been stubbed. {"adminResolution":{"declared":true,"installed":true,"version":"10.3.0","resolution":"C:\\Users\\farza\\Desktop\\amazon-clone\\amazon-clone\\functions\\node_modules\\firebase-admin\\lib\\index.js"}} {"metadata":{"emulator":{"name":"functions"},"function":{"name":"us-central1-api"},"extension":{},"message":"[runtime-status] [3784] firebase-admin has been stubbed. {\"adminResolution\":{\"declared\":true,\"installed\":true,\"version\":\"10.3.0\",\"resolution\":\"C:\\\\Users\\\\farza\\\\Desktop\\\\amazon-clone\\\\amazon-clone\\\\functions\\\\node_modules\\\\firebase-admin\\\\lib\\\\index.js\"}}"}}
[debug] [2022-09-02T14:29:08.336Z] [runtime-status] [3784] Functions runtime initialized. {"cwd":"C:\\Users\\farza\\Desktop\\amazon-clone\\amazon-clone\\functions","node_version":"16.15.1"} {"metadata":{"emulator":{"name":"functions"},"function":{"name":"us-central1-api"},"extension":{},"message":"[runtime-status] [3784] Functions runtime initialized. {\"cwd\":\"C:\\\\Users\\\\farza\\\\Desktop\\\\amazon-clone\\\\amazon-clone\\\\functions\",\"node_version\":\"16.15.1\"}"}}
[debug] [2022-09-02T14:29:08.337Z] [runtime-status] [2852] Resolved module firebase-functions {"declared":true,"installed":true,"version":"3.22.0","resolution":"C:\\Users\\farza\\Desktop\\amazon-clone\\amazon-clone\\functions\\node_modules\\firebase-functions\\lib\\index.js"} {"metadata":{"emulator":{"name":"functions"},"function":{"name":"us-central1-api"},"extension":{},"message":"[runtime-status] [2852] Resolved module firebase-functions {\"declared\":true,\"installed\":true,\"version\":\"3.22.0\",\"resolution\":\"C:\\\\Users\\\\farza\\\\Desktop\\\\amazon-clone\\\\amazon-clone\\\\functions\\\\node_modules\\\\firebase-functions\\\\lib\\\\index.js\"}"}}
[debug] [2022-09-02T14:29:08.337Z] [runtime-status] [2852] firebase-admin has been stubbed. {"adminResolution":{"declared":true,"installed":true,"version":"10.3.0","resolution":"C:\\Users\\farza\\Desktop\\amazon-clone\\amazon-clone\\functions\\node_modules\\firebase-admin\\lib\\index.js"}} {"metadata":{"emulator":{"name":"functions"},"function":{"name":"us-central1-api"},"extension":{},"message":"[runtime-status] [2852] firebase-admin has been stubbed. {\"adminResolution\":{\"declared\":true,\"installed\":true,\"version\":\"10.3.0\",\"resolution\":\"C:\\\\Users\\\\farza\\\\Desktop\\\\amazon-clone\\\\amazon-clone\\\\functions\\\\node_modules\\\\firebase-admin\\\\lib\\\\index.js\"}}"}}
[debug] [2022-09-02T14:29:08.338Z] [runtime-status] [2852] Functions runtime initialized. {"cwd":"C:\\Users\\farza\\Desktop\\amazon-clone\\amazon-clone\\functions","node_version":"16.15.1"} {"metadata":{"emulator":{"name":"functions"},"function":{"name":"us-central1-api"},"extension":{},"message":"[runtime-status] [2852] Functions runtime initialized. {\"cwd\":\"C:\\\\Users\\\\farza\\\\Desktop\\\\amazon-clone\\\\amazon-clone\\\\functions\",\"node_version\":\"16.15.1\"}"}}
[debug] [2022-09-02T14:29:11.098Z] [runtime-status] [3784] Beginning invocation function api! {"metadata":{"emulator":{"name":"functions"},"function":{"name":"us-central1-api"},"extension":{},"message":"[runtime-status] [3784] Beginning invocation function api!"}}
[debug] [2022-09-02T14:29:11.099Z] [runtime-status] [2852] Beginning invocation function api! {"metadata":{"emulator":{"name":"functions"},"function":{"name":"us-central1-api"},"extension":{},"message":"[runtime-status] [2852] Beginning invocation function api!"}}
[info] i  functions: Beginning execution of "api" {"metadata":{"emulator":{"name":"functions"},"function":{"name":"us-central1-api"},"extension":{},"message":"Beginning execution of \"api\""}}
[debug] [2022-09-02T14:29:11.100Z] [runtime-status] [2852] Running api in signature http {"metadata":{"emulator":{"name":"functions"},"function":{"name":"us-central1-api"},"extension":{},"message":"[runtime-status] [2852] Running api in signature http"}}
[info] i  functions: Beginning execution of "api" {"metadata":{"emulator":{"name":"functions"},"function":{"name":"us-central1-api"},"extension":{},"message":"Beginning execution of \"api\""}}
[debug] [2022-09-02T14:29:11.104Z] [runtime-status] [3784] Running api in signature http {"metadata":{"emulator":{"name":"functions"},"function":{"name":"us-central1-api"},"extension":{},"message":"[runtime-status] [3784] Running api in signature http"}}
[debug] [2022-09-02T14:29:11.115Z] [runtime-status] [3784] Listening to port: \\?\pipe\fire_emu_8e84cf7a48080791 {"metadata":{"emulator":{"name":"functions"},"function":{"name":"us-central1-api"},"extension":{},"message":"[runtime-status] [3784] Listening to port: \\\\?\\pipe\\fire_emu_8e84cf7a48080791"}}
[debug] [2022-09-02T14:29:11.116Z] [runtime-status] [2852] Listening to port: \\?\pipe\fire_emu_4ef02b0e6dc9d6a5 {"metadata":{"emulator":{"name":"functions"},"function":{"name":"us-central1-api"},"extension":{},"message":"[runtime-status] [2852] Listening to port: \\\\?\\pipe\\fire_emu_4ef02b0e6dc9d6a5"}}
[warn] !  functions: Your function timed out after ~60s. To configure this timeout, see
      https://firebase.google.com/docs/functions/manage-functions#set_timeout_and_memory_allocation. {"metadata":{"emulator":{"name":"functions"},"function":{"name":"us-central1-api"},"extension":{},"message":"Your function timed out after ~60s. To configure this timeout, see\n      https://firebase.google.com/docs/functions/manage-functions#set_timeout_and_memory_allocation."}}
[warn] !  functions: Your function timed out after ~60s. To configure this timeout, see
      https://firebase.google.com/docs/functions/manage-functions#set_timeout_and_memory_allocation. {"metadata":{"emulator":{"name":"functions"},"function":{"name":"us-central1-api"},"extension":{},"message":"Your function timed out after ~60s. To configure this timeout, see\n      https://firebase.google.com/docs/functions/manage-functions#set_timeout_and_memory_allocation."}}
[info] >  C:\Users\farza\AppData\Roaming\nvm\v16.15.1\node_modules\firebase-tools\lib\emulator\functionsEmulatorRuntime.js:635 {"user":"C:\\Users\\farza\\AppData\\Roaming\\nvm\\v16.15.1\\node_modules\\firebase-tools\\lib\\emulator\\functionsEmulatorRuntime.js:635\r","metadata":{"emulator":{"name":"functions"},"function":{"name":"us-central1-api"},"extension":{},"message":"\u001b[90m> \u001b[39m C:\\Users\\farza\\AppData\\Roaming\\nvm\\v16.15.1\\node_modules\\firebase-tools\\lib\\emulator\\functionsEmulatorRuntime.js:635\r"}}
[info] >              throw new Error("Function timed out."); {"user":"            throw new Error(\"Function timed out.\");\r","metadata":{"emulator":{"name":"functions"},"function":{"name":"us-central1-api"},"extension":{},"message":"\u001b[90m> \u001b[39m             throw new Error(\"Function timed out.\");\r"}}
[info] >              ^ {"user":"            ^\r","metadata":{"emulator":{"name":"functions"},"function":{"name":"us-central1-api"},"extension":{},"message":"\u001b[90m> \u001b[39m             ^\r"}}
[info] >   {"user":"\r","metadata":{"emulator":{"name":"functions"},"function":{"name":"us-central1-api"},"extension":{},"message":"\u001b[90m> \u001b[39m \r"}}
[info] >  Error: Function timed out. {"user":"Error: Function timed out.\r","metadata":{"emulator":{"name":"functions"},"function":{"name":"us-central1-api"},"extension":{},"message":"\u001b[90m> \u001b[39m Error: Function timed out.\r"}}
[info] >      at Timeout._onTimeout (C:\Users\farza\AppData\Roaming\nvm\v16.15.1\node_modules\firebase-tools\lib\emulator\functionsEmulatorRuntime.js:635:19) {"user":"    at Timeout._onTimeout (C:\\Users\\farza\\AppData\\Roaming\\nvm\\v16.15.1\\node_modules\\firebase-tools\\lib\\emulator\\functionsEmulatorRuntime.js:635:19)\r","metadata":{"emulator":{"name":"functions"},"function":{"name":"us-central1-api"},"extension":{},"message":"\u001b[90m> \u001b[39m     at Timeout._onTimeout (C:\\Users\\farza\\AppData\\Roaming\\nvm\\v16.15.1\\node_modules\\firebase-tools\\lib\\emulator\\functionsEmulatorRuntime.js:635:19)\r"}}
[info] >      at listOnTimeout (node:internal/timers:559:17) {"user":"    at listOnTimeout (node:internal/timers:559:17)\r","metadata":{"emulator":{"name":"functions"},"function":{"name":"us-central1-api"},"extension":{},"message":"\u001b[90m> \u001b[39m     at listOnTimeout (node:internal/timers:559:17)\r"}}
[info] >      at processTimers (node:internal/timers:502:7) {"user":"    at processTimers (node:internal/timers:502:7)\r","metadata":{"emulator":{"name":"functions"},"function":{"name":"us-central1-api"},"extension":{},"message":"\u001b[90m> \u001b[39m     at processTimers (node:internal/timers:502:7)\r"}}
[info] >  C:\Users\farza\AppData\Roaming\nvm\v16.15.1\node_modules\firebase-tools\lib\emulator\functionsEmulatorRuntime.js:635 {"user":"C:\\Users\\farza\\AppData\\Roaming\\nvm\\v16.15.1\\node_modules\\firebase-tools\\lib\\emulator\\functionsEmulatorRuntime.js:635\r","metadata":{"emulator":{"name":"functions"},"function":{"name":"us-central1-api"},"extension":{},"message":"\u001b[90m> \u001b[39m C:\\Users\\farza\\AppData\\Roaming\\nvm\\v16.15.1\\node_modules\\firebase-tools\\lib\\emulator\\functionsEmulatorRuntime.js:635\r"}}
[info] >              throw new Error("Function timed out."); {"user":"            throw new Error(\"Function timed out.\");\r","metadata":{"emulator":{"name":"functions"},"function":{"name":"us-central1-api"},"extension":{},"message":"\u001b[90m> \u001b[39m             throw new Error(\"Function timed out.\");\r"}}
[info] >              ^ {"user":"            ^\r","metadata":{"emulator":{"name":"functions"},"function":{"name":"us-central1-api"},"extension":{},"message":"\u001b[90m> \u001b[39m             ^\r"}}
[info] >   {"user":"\r","metadata":{"emulator":{"name":"functions"},"function":{"name":"us-central1-api"},"extension":{},"message":"\u001b[90m> \u001b[39m \r"}}
[info] >  Error: Function timed out. {"user":"Error: Function timed out.\r","metadata":{"emulator":{"name":"functions"},"function":{"name":"us-central1-api"},"extension":{},"message":"\u001b[90m> \u001b[39m Error: Function timed out.\r"}}
[info] >      at Timeout._onTimeout (C:\Users\farza\AppData\Roaming\nvm\v16.15.1\node_modules\firebase-tools\lib\emulator\functionsEmulatorRuntime.js:635:19) {"user":"    at Timeout._onTimeout (C:\\Users\\farza\\AppData\\Roaming\\nvm\\v16.15.1\\node_modules\\firebase-tools\\lib\\emulator\\functionsEmulatorRuntime.js:635:19)\r","metadata":{"emulator":{"name":"functions"},"function":{"name":"us-central1-api"},"extension":{},"message":"\u001b[90m> \u001b[39m     at Timeout._onTimeout (C:\\Users\\farza\\AppData\\Roaming\\nvm\\v16.15.1\\node_modules\\firebase-tools\\lib\\emulator\\functionsEmulatorRuntime.js:635:19)\r"}}
[info] >      at listOnTimeout (node:internal/timers:559:17) {"user":"    at listOnTimeout (node:internal/timers:559:17)\r","metadata":{"emulator":{"name":"functions"},"function":{"name":"us-central1-api"},"extension":{},"message":"\u001b[90m> \u001b[39m     at listOnTimeout (node:internal/timers:559:17)\r"}}
[info] >      at processTimers (node:internal/timers:502:7) {"user":"    at processTimers (node:internal/timers:502:7)\r","metadata":{"emulator":{"name":"functions"},"function":{"name":"us-central1-api"},"extension":{},"message":"\u001b[90m> \u001b[39m     at processTimers (node:internal/timers:502:7)\r"}}
[debug] [2022-09-02T14:30:11.230Z] [worker-us-central1-api-7c9b27c1-673b-4a5b-ba78-a9e55b769fea]: exited {"metadata":{"emulator":{"name":"functions"},"message":"[worker-us-central1-api-7c9b27c1-673b-4a5b-ba78-a9e55b769fea]: exited"}}
[debug] [2022-09-02T14:30:11.230Z] [worker-us-central1-api-7c9b27c1-673b-4a5b-ba78-a9e55b769fea]: FINISHED {"metadata":{"emulator":{"name":"functions"},"message":"[worker-us-central1-api-7c9b27c1-673b-4a5b-ba78-a9e55b769fea]: FINISHED"}}
[debug] [2022-09-02T14:30:11.230Z] [worker-us-central1-api-1a1031db-9604-4863-b3de-19447caa0bfb]: exited {"metadata":{"emulator":{"name":"functions"},"message":"[worker-us-central1-api-1a1031db-9604-4863-b3de-19447caa0bfb]: exited"}}
[debug] [2022-09-02T14:30:11.231Z] [worker-us-central1-api-1a1031db-9604-4863-b3de-19447caa0bfb]: FINISHED {"metadata":{"emulator":{"name":"functions"},"message":"[worker-us-central1-api-1a1031db-9604-4863-b3de-19447caa0bfb]: FINISHED"}}
[debug] [2022-09-02T14:30:36.336Z] [work-queue] {"queueLength":1,"workRunningCount":0}
[debug] [2022-09-02T14:30:36.337Z] [work-queue] {"queueLength":0,"workRunningCount":1}
[debug] [2022-09-02T14:30:36.337Z] Accepted request POST /clone-593e7/us-central1/api/payments/create?total=50693 --> us-central1-api
[debug] [2022-09-02T14:30:36.337Z] [worker-pool] Cleaned up workers for us-central1-api: 2 --> 0 {"metadata":{"emulator":{"name":"functions"},"message":"[worker-pool] Cleaned up workers for us-central1-api: 2 --> 0"}}
[debug] [2022-09-02T14:30:36.350Z] [worker-pool] addWorker(us-central1-api) {"metadata":{"emulator":{"name":"functions"},"message":"[worker-pool] addWorker(us-central1-api)"}}
[debug] [2022-09-02T14:30:36.350Z] [worker-pool] Adding worker with key us-central1-api, total=1 {"metadata":{"emulator":{"name":"functions"},"message":"[worker-pool] Adding worker with key us-central1-api, total=1"}}
[debug] [2022-09-02T14:30:36.350Z] [worker-pool] submitWork(triggerId=us-central1-api) {"metadata":{"emulator":{"name":"functions"},"message":"[worker-pool] submitWork(triggerId=us-central1-api)"}}
[debug] [2022-09-02T14:30:36.350Z] [worker-us-central1-api-e381ae43-91e6-4662-8a10-9c2c62894362]: BUSY {"metadata":{"emulator":{"name":"functions"},"message":"[worker-us-central1-api-e381ae43-91e6-4662-8a10-9c2c62894362]: BUSY"}}
[debug] [2022-09-02T14:30:36.354Z] [work-queue] {"queueLength":1,"workRunningCount":1}
[debug] [2022-09-02T14:30:36.354Z] [work-queue] {"queueLength":0,"workRunningCount":2}
[debug] [2022-09-02T14:30:36.354Z] Accepted request POST /clone-593e7/us-central1/api/payments/create?total=50693 --> us-central1-api
[debug] [2022-09-02T14:30:36.369Z] [worker-pool] addWorker(us-central1-api) {"metadata":{"emulator":{"name":"functions"},"message":"[worker-pool] addWorker(us-central1-api)"}}
[debug] [2022-09-02T14:30:36.369Z] [worker-pool] Adding worker with key us-central1-api, total=2 {"metadata":{"emulator":{"name":"functions"},"message":"[worker-pool] Adding worker with key us-central1-api, total=2"}}
[debug] [2022-09-02T14:30:36.369Z] [worker-pool] submitWork(triggerId=us-central1-api) {"metadata":{"emulator":{"name":"functions"},"message":"[worker-pool] submitWork(triggerId=us-central1-api)"}}
[debug] [2022-09-02T14:30:36.370Z] [worker-us-central1-api-56a413b7-d3a7-45ec-81b0-fd52efb056a0]: BUSY {"metadata":{"emulator":{"name":"functions"},"message":"[worker-us-central1-api-56a413b7-d3a7-45ec-81b0-fd52efb056a0]: BUSY"}}
[debug] [2022-09-02T14:30:39.396Z] [runtime-status] [8692] Resolved module firebase-admin {"declared":true,"installed":true,"version":"10.3.0","resolution":"C:\\Users\\farza\\Desktop\\amazon-clone\\amazon-clone\\functions\\node_modules\\firebase-admin\\lib\\index.js"} {"metadata":{"emulator":{"name":"functions"},"function":{"name":"us-central1-api"},"extension":{},"message":"[runtime-status] [8692] Resolved module firebase-admin {\"declared\":true,\"installed\":true,\"version\":\"10.3.0\",\"resolution\":\"C:\\\\Users\\\\farza\\\\Desktop\\\\amazon-clone\\\\amazon-clone\\\\functions\\\\node_modules\\\\firebase-admin\\\\lib\\\\index.js\"}"}}
[debug] [2022-09-02T14:30:39.399Z] [runtime-status] [8692] Resolved module firebase-functions {"declared":true,"installed":true,"version":"3.22.0","resolution":"C:\\Users\\farza\\Desktop\\amazon-clone\\amazon-clone\\functions\\node_modules\\firebase-functions\\lib\\index.js"} {"metadata":{"emulator":{"name":"functions"},"function":{"name":"us-central1-api"},"extension":{},"message":"[runtime-status] [8692] Resolved module firebase-functions {\"declared\":true,\"installed\":true,\"version\":\"3.22.0\",\"resolution\":\"C:\\\\Users\\\\farza\\\\Desktop\\\\amazon-clone\\\\amazon-clone\\\\functions\\\\node_modules\\\\firebase-functions\\\\lib\\\\index.js\"}"}}
[debug] [2022-09-02T14:30:39.400Z] [runtime-status] [8692] Outgoing network have been stubbed. [{"name":"http","status":"mocked"},{"name":"http","status":"mocked"},{"name":"https","status":"mocked"},{"name":"https","status":"mocked"},{"name":"net","status":"mocked"}] {"metadata":{"emulator":{"name":"functions"},"function":{"name":"us-central1-api"},"extension":{},"message":"[runtime-status] [8692] Outgoing network have been stubbed. [{\"name\":\"http\",\"status\":\"mocked\"},{\"name\":\"http\",\"status\":\"mocked\"},{\"name\":\"https\",\"status\":\"mocked\"},{\"name\":\"https\",\"status\":\"mocked\"},{\"name\":\"net\",\"status\":\"mocked\"}]"}}
[debug] [2022-09-02T14:30:39.404Z] [runtime-status] [8692] Resolved module firebase-functions {"declared":true,"installed":true,"version":"3.22.0","resolution":"C:\\Users\\farza\\Desktop\\amazon-clone\\amazon-clone\\functions\\node_modules\\firebase-functions\\lib\\index.js"} {"metadata":{"emulator":{"name":"functions"},"function":{"name":"us-central1-api"},"extension":{},"message":"[runtime-status] [8692] Resolved module firebase-functions {\"declared\":true,\"installed\":true,\"version\":\"3.22.0\",\"resolution\":\"C:\\\\Users\\\\farza\\\\Desktop\\\\amazon-clone\\\\amazon-clone\\\\functions\\\\node_modules\\\\firebase-functions\\\\lib\\\\index.js\"}"}}
[debug] [2022-09-02T14:30:39.457Z] [runtime-status] [9204] Resolved module firebase-admin {"declared":true,"installed":true,"version":"10.3.0","resolution":"C:\\Users\\farza\\Desktop\\amazon-clone\\amazon-clone\\functions\\node_modules\\firebase-admin\\lib\\index.js"} {"metadata":{"emulator":{"name":"functions"},"function":{"name":"us-central1-api"},"extension":{},"message":"[runtime-status] [9204] Resolved module firebase-admin {\"declared\":true,\"installed\":true,\"version\":\"10.3.0\",\"resolution\":\"C:\\\\Users\\\\farza\\\\Desktop\\\\amazon-clone\\\\amazon-clone\\\\functions\\\\node_modules\\\\firebase-admin\\\\lib\\\\index.js\"}"}}
[debug] [2022-09-02T14:30:39.460Z] [runtime-status] [9204] Resolved module firebase-functions {"declared":true,"installed":true,"version":"3.22.0","resolution":"C:\\Users\\farza\\Desktop\\amazon-clone\\amazon-clone\\functions\\node_modules\\firebase-functions\\lib\\index.js"} {"metadata":{"emulator":{"name":"functions"},"function":{"name":"us-central1-api"},"extension":{},"message":"[runtime-status] [9204] Resolved module firebase-functions {\"declared\":true,\"installed\":true,\"version\":\"3.22.0\",\"resolution\":\"C:\\\\Users\\\\farza\\\\Desktop\\\\amazon-clone\\\\amazon-clone\\\\functions\\\\node_modules\\\\firebase-functions\\\\lib\\\\index.js\"}"}}
[debug] [2022-09-02T14:30:39.461Z] [runtime-status] [9204] Outgoing network have been stubbed. [{"name":"http","status":"mocked"},{"name":"http","status":"mocked"},{"name":"https","status":"mocked"},{"name":"https","status":"mocked"},{"name":"net","status":"mocked"}] {"metadata":{"emulator":{"name":"functions"},"function":{"name":"us-central1-api"},"extension":{},"message":"[runtime-status] [9204] Outgoing network have been stubbed. [{\"name\":\"http\",\"status\":\"mocked\"},{\"name\":\"http\",\"status\":\"mocked\"},{\"name\":\"https\",\"status\":\"mocked\"},{\"name\":\"https\",\"status\":\"mocked\"},{\"name\":\"net\",\"status\":\"mocked\"}]"}}
[debug] [2022-09-02T14:30:39.466Z] [runtime-status] [9204] Resolved module firebase-functions {"declared":true,"installed":true,"version":"3.22.0","resolution":"C:\\Users\\farza\\Desktop\\amazon-clone\\amazon-clone\\functions\\node_modules\\firebase-functions\\lib\\index.js"} {"metadata":{"emulator":{"name":"functions"},"function":{"name":"us-central1-api"},"extension":{},"message":"[runtime-status] [9204] Resolved module firebase-functions {\"declared\":true,\"installed\":true,\"version\":\"3.22.0\",\"resolution\":\"C:\\\\Users\\\\farza\\\\Desktop\\\\amazon-clone\\\\amazon-clone\\\\functions\\\\node_modules\\\\firebase-functions\\\\lib\\\\index.js\"}"}}
[debug] [2022-09-02T14:30:39.525Z] [runtime-status] [8692] Checked functions.config() {"config":{}} {"metadata":{"emulator":{"name":"functions"},"function":{"name":"us-central1-api"},"extension":{},"message":"[runtime-status] [8692] Checked functions.config() {\"config\":{}}"}}
[debug] [2022-09-02T14:30:39.525Z] [runtime-status] [8692] firebase-functions has been stubbed. {"functionsResolution":{"declared":true,"installed":true,"version":"3.22.0","resolution":"C:\\Users\\farza\\Desktop\\amazon-clone\\amazon-clone\\functions\\node_modules\\firebase-functions\\lib\\index.js"}} {"metadata":{"emulator":{"name":"functions"},"function":{"name":"us-central1-api"},"extension":{},"message":"[runtime-status] [8692] firebase-functions has been stubbed. {\"functionsResolution\":{\"declared\":true,\"installed\":true,\"version\":\"3.22.0\",\"resolution\":\"C:\\\\Users\\\\farza\\\\Desktop\\\\amazon-clone\\\\amazon-clone\\\\functions\\\\node_modules\\\\firebase-functions\\\\lib\\\\index.js\"}}"}}
[debug] [2022-09-02T14:30:39.527Z] [runtime-status] [8692] Resolved module firebase-functions {"declared":true,"installed":true,"version":"3.22.0","resolution":"C:\\Users\\farza\\Desktop\\amazon-clone\\amazon-clone\\functions\\node_modules\\firebase-functions\\lib\\index.js"} {"metadata":{"emulator":{"name":"functions"},"function":{"name":"us-central1-api"},"extension":{},"message":"[runtime-status] [8692] Resolved module firebase-functions {\"declared\":true,\"installed\":true,\"version\":\"3.22.0\",\"resolution\":\"C:\\\\Users\\\\farza\\\\Desktop\\\\amazon-clone\\\\amazon-clone\\\\functions\\\\node_modules\\\\firebase-functions\\\\lib\\\\index.js\"}"}}
[debug] [2022-09-02T14:30:39.531Z] [runtime-status] [8692] Resolved module firebase-admin {"declared":true,"installed":true,"version":"10.3.0","resolution":"C:\\Users\\farza\\Desktop\\amazon-clone\\amazon-clone\\functions\\node_modules\\firebase-admin\\lib\\index.js"} {"metadata":{"emulator":{"name":"functions"},"function":{"name":"us-central1-api"},"extension":{},"message":"[runtime-status] [8692] Resolved module firebase-admin {\"declared\":true,\"installed\":true,\"version\":\"10.3.0\",\"resolution\":\"C:\\\\Users\\\\farza\\\\Desktop\\\\amazon-clone\\\\amazon-clone\\\\functions\\\\node_modules\\\\firebase-admin\\\\lib\\\\index.js\"}"}}
[debug] [2022-09-02T14:30:39.533Z] [runtime-status] [8692] Resolved module firebase-functions {"declared":true,"installed":true,"version":"3.22.0","resolution":"C:\\Users\\farza\\Desktop\\amazon-clone\\amazon-clone\\functions\\node_modules\\firebase-functions\\lib\\index.js"} {"metadata":{"emulator":{"name":"functions"},"function":{"name":"us-central1-api"},"extension":{},"message":"[runtime-status] [8692] Resolved module firebase-functions {\"declared\":true,\"installed\":true,\"version\":\"3.22.0\",\"resolution\":\"C:\\\\Users\\\\farza\\\\Desktop\\\\amazon-clone\\\\amazon-clone\\\\functions\\\\node_modules\\\\firebase-functions\\\\lib\\\\index.js\"}"}}
[debug] [2022-09-02T14:30:39.534Z] [runtime-status] [8692] firebase-admin has been stubbed. {"adminResolution":{"declared":true,"installed":true,"version":"10.3.0","resolution":"C:\\Users\\farza\\Desktop\\amazon-clone\\amazon-clone\\functions\\node_modules\\firebase-admin\\lib\\index.js"}} {"metadata":{"emulator":{"name":"functions"},"function":{"name":"us-central1-api"},"extension":{},"message":"[runtime-status] [8692] firebase-admin has been stubbed. {\"adminResolution\":{\"declared\":true,\"installed\":true,\"version\":\"10.3.0\",\"resolution\":\"C:\\\\Users\\\\farza\\\\Desktop\\\\amazon-clone\\\\amazon-clone\\\\functions\\\\node_modules\\\\firebase-admin\\\\lib\\\\index.js\"}}"}}
[debug] [2022-09-02T14:30:39.534Z] [runtime-status] [8692] Functions runtime initialized. {"cwd":"C:\\Users\\farza\\Desktop\\amazon-clone\\amazon-clone\\functions","node_version":"16.15.1"} {"metadata":{"emulator":{"name":"functions"},"function":{"name":"us-central1-api"},"extension":{},"message":"[runtime-status] [8692] Functions runtime initialized. {\"cwd\":\"C:\\\\Users\\\\farza\\\\Desktop\\\\amazon-clone\\\\amazon-clone\\\\functions\",\"node_version\":\"16.15.1\"}"}}
[debug] [2022-09-02T14:30:39.586Z] [runtime-status] [9204] Checked functions.config() {"config":{}} {"metadata":{"emulator":{"name":"functions"},"function":{"name":"us-central1-api"},"extension":{},"message":"[runtime-status] [9204] Checked functions.config() {\"config\":{}}"}}
[debug] [2022-09-02T14:30:39.587Z] [runtime-status] [9204] firebase-functions has been stubbed. {"functionsResolution":{"declared":true,"installed":true,"version":"3.22.0","resolution":"C:\\Users\\farza\\Desktop\\amazon-clone\\amazon-clone\\functions\\node_modules\\firebase-functions\\lib\\index.js"}} {"metadata":{"emulator":{"name":"functions"},"function":{"name":"us-central1-api"},"extension":{},"message":"[runtime-status] [9204] firebase-functions has been stubbed. {\"functionsResolution\":{\"declared\":true,\"installed\":true,\"version\":\"3.22.0\",\"resolution\":\"C:\\\\Users\\\\farza\\\\Desktop\\\\amazon-clone\\\\amazon-clone\\\\functions\\\\node_modules\\\\firebase-functions\\\\lib\\\\index.js\"}}"}}
[debug] [2022-09-02T14:30:39.591Z] [runtime-status] [9204] Resolved module firebase-functions {"declared":true,"installed":true,"version":"3.22.0","resolution":"C:\\Users\\farza\\Desktop\\amazon-clone\\amazon-clone\\functions\\node_modules\\firebase-functions\\lib\\index.js"} {"metadata":{"emulator":{"name":"functions"},"function":{"name":"us-central1-api"},"extension":{},"message":"[runtime-status] [9204] Resolved module firebase-functions {\"declared\":true,\"installed\":true,\"version\":\"3.22.0\",\"resolution\":\"C:\\\\Users\\\\farza\\\\Desktop\\\\amazon-clone\\\\amazon-clone\\\\functions\\\\node_modules\\\\firebase-functions\\\\lib\\\\index.js\"}"}}
[debug] [2022-09-02T14:30:39.595Z] [runtime-status] [9204] Resolved module firebase-admin {"declared":true,"installed":true,"version":"10.3.0","resolution":"C:\\Users\\farza\\Desktop\\amazon-clone\\amazon-clone\\functions\\node_modules\\firebase-admin\\lib\\index.js"} {"metadata":{"emulator":{"name":"functions"},"function":{"name":"us-central1-api"},"extension":{},"message":"[runtime-status] [9204] Resolved module firebase-admin {\"declared\":true,\"installed\":true,\"version\":\"10.3.0\",\"resolution\":\"C:\\\\Users\\\\farza\\\\Desktop\\\\amazon-clone\\\\amazon-clone\\\\functions\\\\node_modules\\\\firebase-admin\\\\lib\\\\index.js\"}"}}
[debug] [2022-09-02T14:30:39.598Z] [runtime-status] [9204] Resolved module firebase-functions {"declared":true,"installed":true,"version":"3.22.0","resolution":"C:\\Users\\farza\\Desktop\\amazon-clone\\amazon-clone\\functions\\node_modules\\firebase-functions\\lib\\index.js"} {"metadata":{"emulator":{"name":"functions"},"function":{"name":"us-central1-api"},"extension":{},"message":"[runtime-status] [9204] Resolved module firebase-functions {\"declared\":true,\"installed\":true,\"version\":\"3.22.0\",\"resolution\":\"C:\\\\Users\\\\farza\\\\Desktop\\\\amazon-clone\\\\amazon-clone\\\\functions\\\\node_modules\\\\firebase-functions\\\\lib\\\\index.js\"}"}}
[debug] [2022-09-02T14:30:39.599Z] [runtime-status] [9204] firebase-admin has been stubbed. {"adminResolution":{"declared":true,"installed":true,"version":"10.3.0","resolution":"C:\\Users\\farza\\Desktop\\amazon-clone\\amazon-clone\\functions\\node_modules\\firebase-admin\\lib\\index.js"}} {"metadata":{"emulator":{"name":"functions"},"function":{"name":"us-central1-api"},"extension":{},"message":"[runtime-status] [9204] firebase-admin has been stubbed. {\"adminResolution\":{\"declared\":true,\"installed\":true,\"version\":\"10.3.0\",\"resolution\":\"C:\\\\Users\\\\farza\\\\Desktop\\\\amazon-clone\\\\amazon-clone\\\\functions\\\\node_modules\\\\firebase-admin\\\\lib\\\\index.js\"}}"}}
[debug] [2022-09-02T14:30:39.599Z] [runtime-status] [9204] Functions runtime initialized. {"cwd":"C:\\Users\\farza\\Desktop\\amazon-clone\\amazon-clone\\functions","node_version":"16.15.1"} {"metadata":{"emulator":{"name":"functions"},"function":{"name":"us-central1-api"},"extension":{},"message":"[runtime-status] [9204] Functions runtime initialized. {\"cwd\":\"C:\\\\Users\\\\farza\\\\Desktop\\\\amazon-clone\\\\amazon-clone\\\\functions\",\"node_version\":\"16.15.1\"}"}}
[debug] [2022-09-02T14:30:39.969Z] [runtime-status] [8692] Beginning invocation function api! {"metadata":{"emulator":{"name":"functions"},"function":{"name":"us-central1-api"},"extension":{},"message":"[runtime-status] [8692] Beginning invocation function api!"}}
[info] i  functions: Beginning execution of "api" {"metadata":{"emulator":{"name":"functions"},"function":{"name":"us-central1-api"},"extension":{},"message":"Beginning execution of \"api\""}}
[debug] [2022-09-02T14:30:39.973Z] [runtime-status] [8692] Running api in signature http {"metadata":{"emulator":{"name":"functions"},"function":{"name":"us-central1-api"},"extension":{},"message":"[runtime-status] [8692] Running api in signature http"}}
[debug] [2022-09-02T14:30:39.993Z] [runtime-status] [8692] Listening to port: \\?\pipe\fire_emu_c8075da72c7016be {"metadata":{"emulator":{"name":"functions"},"function":{"name":"us-central1-api"},"extension":{},"message":"[runtime-status] [8692] Listening to port: \\\\?\\pipe\\fire_emu_c8075da72c7016be"}}
[debug] [2022-09-02T14:30:40.040Z] [runtime-status] [9204] Beginning invocation function api! {"metadata":{"emulator":{"name":"functions"},"function":{"name":"us-central1-api"},"extension":{},"message":"[runtime-status] [9204] Beginning invocation function api!"}}
[info] i  functions: Beginning execution of "api" {"metadata":{"emulator":{"name":"functions"},"function":{"name":"us-central1-api"},"extension":{},"message":"Beginning execution of \"api\""}}
[debug] [2022-09-02T14:30:40.042Z] [runtime-status] [9204] Running api in signature http {"metadata":{"emulator":{"name":"functions"},"function":{"name":"us-central1-api"},"extension":{},"message":"[runtime-status] [9204] Running api in signature http"}}
[debug] [2022-09-02T14:30:40.058Z] [functions] Runtime ready! Sending request! {"metadata":{"emulator":{"name":"functions"},"message":"[functions] Runtime ready! Sending request!"}}
[debug] [2022-09-02T14:30:40.084Z] [functions] Got req.url=/clone-593e7/us-central1/api/payments/create?total=50693, mapping to path=/payments/create?total=50693 {"metadata":{"emulator":{"name":"functions"},"message":"[functions] Got req.url=/clone-593e7/us-central1/api/payments/create?total=50693, mapping to path=/payments/create?total=50693"}}
[debug] [2022-09-02T14:30:40.086Z] [runtime-status] [9204] Listening to port: \\?\pipe\fire_emu_ac38224f781337a8 {"metadata":{"emulator":{"name":"functions"},"function":{"name":"us-central1-api"},"extension":{},"message":"[runtime-status] [9204] Listening to port: \\\\?\\pipe\\fire_emu_ac38224f781337a8"}}
[debug] [2022-09-02T14:30:40.089Z] [runtime-status] [8692] Ephemeral server handling POST request {"metadata":{"emulator":{"name":"functions"},"function":{"name":"us-central1-api"},"extension":{},"message":"[runtime-status] [8692] Ephemeral server handling POST request"}}
[debug] [2022-09-02T14:30:40.114Z] [runtime-status] [8692] Ephemeral server survived. {"metadata":{"emulator":{"name":"functions"},"function":{"name":"us-central1-api"},"extension":{},"message":"[runtime-status] [8692] Ephemeral server survived."}}
[debug] [2022-09-02T14:30:40.272Z] [functions] Runtime ready! Sending request! {"metadata":{"emulator":{"name":"functions"},"message":"[functions] Runtime ready! Sending request!"}}
[debug] [2022-09-02T14:30:40.273Z] [functions] Got req.url=/clone-593e7/us-central1/api/payments/create?total=50693, mapping to path=/payments/create?total=50693 {"metadata":{"emulator":{"name":"functions"},"message":"[functions] Got req.url=/clone-593e7/us-central1/api/payments/create?total=50693, mapping to path=/payments/create?total=50693"}}
[debug] [2022-09-02T14:30:40.279Z] [runtime-status] [9204] Ephemeral server handling POST request {"metadata":{"emulator":{"name":"functions"},"function":{"name":"us-central1-api"},"extension":{},"message":"[runtime-status] [9204] Ephemeral server handling POST request"}}
[debug] [2022-09-02T14:30:40.299Z] [runtime-status] [9204] Ephemeral server survived. {"metadata":{"emulator":{"name":"functions"},"function":{"name":"us-central1-api"},"extension":{},"message":"[runtime-status] [9204] Ephemeral server survived."}}
[info] i  functions: Finished "api" in ~2s {"metadata":{"emulator":{"name":"functions"},"function":{"name":"us-central1-api"},"extension":{},"message":"Finished \"api\" in ~2s"}}
[debug] [2022-09-02T14:30:42.331Z] [worker-us-central1-api-e381ae43-91e6-4662-8a10-9c2c62894362]: IDLE {"metadata":{"emulator":{"name":"functions"},"message":"[worker-us-central1-api-e381ae43-91e6-4662-8a10-9c2c62894362]: IDLE"}}
[debug] [2022-09-02T14:30:42.333Z] [work-queue] {"queueLength":0,"workRunningCount":1}
[info] i  functions: Finished "api" in ~2s {"metadata":{"emulator":{"name":"functions"},"function":{"name":"us-central1-api"},"extension":{},"message":"Finished \"api\" in ~2s"}}
[debug] [2022-09-02T14:30:42.385Z] [worker-us-central1-api-56a413b7-d3a7-45ec-81b0-fd52efb056a0]: IDLE {"metadata":{"emulator":{"name":"functions"},"message":"[worker-us-central1-api-56a413b7-d3a7-45ec-81b0-fd52efb056a0]: IDLE"}}
[debug] [2022-09-02T14:30:42.385Z] [work-queue] {"queueLength":0,"workRunningCount":0}
[debug] [2022-09-03T08:23:31.306Z] [worker-us-central1-api-e381ae43-91e6-4662-8a10-9c2c62894362]: exited {"metadata":{"emulator":{"name":"functions"},"message":"[worker-us-central1-api-e381ae43-91e6-4662-8a10-9c2c62894362]: exited"}}
[debug] [2022-09-03T08:23:31.435Z] [worker-us-central1-api-e381ae43-91e6-4662-8a10-9c2c62894362]: FINISHED {"metadata":{"emulator":{"name":"functions"},"message":"[worker-us-central1-api-e381ae43-91e6-4662-8a10-9c2c62894362]: FINISHED"}}
[debug] [2022-09-03T08:23:31.922Z] [worker-us-central1-api-56a413b7-d3a7-45ec-81b0-fd52efb056a0]: exited {"metadata":{"emulator":{"name":"functions"},"message":"[worker-us-central1-api-56a413b7-d3a7-45ec-81b0-fd52efb056a0]: exited"}}
[debug] [2022-09-03T08:23:31.922Z] [worker-us-central1-api-56a413b7-d3a7-45ec-81b0-fd52efb056a0]: FINISHED {"metadata":{"emulator":{"name":"functions"},"message":"[worker-us-central1-api-56a413b7-d3a7-45ec-81b0-fd52efb056a0]: FINISHED"}}
[debug] [2022-09-03T08:23:31.949Z] Received signal SIGHUP 1
[info]  
[info] i  emulators: Received SIGHUP for the first time. Starting a clean shutdown. 
[info] i  emulators: Please wait for a clean shutdown or send the SIGHUP signal again to stop right now. 
[info] i  emulators: Shutting down emulators. {"metadata":{"emulator":{"name":"hub"},"message":"Shutting down emulators."}}
[info] i  ui: Stopping Emulator UI {"metadata":{"emulator":{"name":"ui"},"message":"Stopping Emulator UI"}}
[warn] !  Emulator UI has exited upon receiving signal: SIGINT 
[info] i  functions: Stopping Functions Emulator {"metadata":{"emulator":{"name":"functions"},"message":"Stopping Functions Emulator"}}
[info] i  hosting: Stopping Hosting Emulator {"metadata":{"emulator":{"name":"hosting"},"message":"Stopping Hosting Emulator"}}
[info] i  eventarc: Stopping Eventarc Emulator {"metadata":{"emulator":{"name":"eventarc"},"message":"Stopping Eventarc Emulator"}}
[info] i  hub: Stopping emulator hub {"metadata":{"emulator":{"name":"hub"},"message":"Stopping emulator hub"}}
[info] i  logging: Stopping Logging Emulator {"metadata":{"emulator":{"name":"logging"},"message":"Stopping Logging Emulator"}}
